{"/Users/joao.franco/Desktop/starTv/navigation/group.js": {"path":"/Users/joao.franco/Desktop/starTv/navigation/group.js","statementMap":{"0":{"start":{"line":1,"column":19},"end":{"line":1,"column":42}},"1":{"start":{"line":5,"column":2},"end":{"line":5,"column":17}},"2":{"start":{"line":6,"column":2},"end":{"line":6,"column":27}},"3":{"start":{"line":7,"column":2},"end":{"line":7,"column":21}},"4":{"start":{"line":8,"column":2},"end":{"line":8,"column":27}},"5":{"start":{"line":12,"column":20},"end":{"line":12,"column":34}},"6":{"start":{"line":13,"column":2},"end":{"line":13,"column":77}},"7":{"start":{"line":17,"column":20},"end":{"line":17,"column":34}},"8":{"start":{"line":18,"column":2},"end":{"line":18,"column":54}},"9":{"start":{"line":22,"column":2},"end":{"line":22,"column":54}},"10":{"start":{"line":26,"column":2},"end":{"line":26,"column":49}},"11":{"start":{"line":30,"column":0},"end":{"line":30,"column":23}}},"fnMap":{"0":{"name":"(anonymous_0)","decl":{"start":{"line":4,"column":1},"end":{"line":4,"column":2}},"loc":{"start":{"line":4,"column":41},"end":{"line":9,"column":2}},"line":4},"1":{"name":"(anonymous_1)","decl":{"start":{"line":11,"column":1},"end":{"line":11,"column":2}},"loc":{"start":{"line":11,"column":8},"end":{"line":14,"column":2}},"line":11},"2":{"name":"(anonymous_2)","decl":{"start":{"line":16,"column":1},"end":{"line":16,"column":2}},"loc":{"start":{"line":16,"column":12},"end":{"line":19,"column":2}},"line":16},"3":{"name":"(anonymous_3)","decl":{"start":{"line":21,"column":1},"end":{"line":21,"column":2}},"loc":{"start":{"line":21,"column":18},"end":{"line":23,"column":2}},"line":21},"4":{"name":"(anonymous_4)","decl":{"start":{"line":25,"column":1},"end":{"line":25,"column":2}},"loc":{"start":{"line":25,"column":17},"end":{"line":27,"column":2}},"line":25}},"branchMap":{"0":{"loc":{"start":{"line":4,"column":23},"end":{"line":4,"column":39}},"type":"default-arg","locations":[{"start":{"line":4,"column":34},"end":{"line":4,"column":39}}],"line":4},"1":{"loc":{"start":{"line":13,"column":15},"end":{"line":13,"column":76}},"type":"cond-expr","locations":[{"start":{"line":13,"column":54},"end":{"line":13,"column":64}},{"start":{"line":13,"column":67},"end":{"line":13,"column":76}}],"line":13},"2":{"loc":{"start":{"line":18,"column":15},"end":{"line":18,"column":53}},"type":"cond-expr","locations":[{"start":{"line":18,"column":31},"end":{"line":18,"column":41}},{"start":{"line":18,"column":44},"end":{"line":18,"column":53}}],"line":18},"3":{"loc":{"start":{"line":22,"column":9},"end":{"line":22,"column":53}},"type":"binary-expr","locations":[{"start":{"line":22,"column":9},"end":{"line":22,"column":33}},{"start":{"line":22,"column":37},"end":{"line":22,"column":53}}],"line":22}},"s":{"0":1,"1":14,"2":14,"3":14,"4":14,"5":19,"6":19,"7":10,"8":10,"9":6,"10":7,"11":1},"f":{"0":14,"1":19,"2":10,"3":6,"4":7},"b":{"0":[13],"1":[12,7],"2":[8,2],"3":[6,4]},"_coverageSchema":"332fd63041d2c1bcb487cc26dd0d5f7d97098a6c","hash":"7612a98efe4118f27c8bd551c6b92779c69bf7f2"}
,"/Users/joao.franco/Desktop/starTv/navigation/mosaic.js": {"path":"/Users/joao.franco/Desktop/starTv/navigation/mosaic.js","statementMap":{"0":{"start":{"line":1,"column":19},"end":{"line":1,"column":42}},"1":{"start":{"line":5,"column":8},"end":{"line":5,"column":19}},"2":{"start":{"line":6,"column":8},"end":{"line":6,"column":19}},"3":{"start":{"line":7,"column":8},"end":{"line":7,"column":33}},"4":{"start":{"line":8,"column":8},"end":{"line":8,"column":29}},"5":{"start":{"line":12,"column":8},"end":{"line":12,"column":33}},"6":{"start":{"line":16,"column":22},"end":{"line":16,"column":32}},"7":{"start":{"line":17,"column":2},"end":{"line":17,"column":38}},"8":{"start":{"line":21,"column":16},"end":{"line":21,"column":26}},"9":{"start":{"line":22,"column":2},"end":{"line":22,"column":61}},"10":{"start":{"line":26,"column":16},"end":{"line":26,"column":26}},"11":{"start":{"line":27,"column":2},"end":{"line":27,"column":69}},"12":{"start":{"line":31,"column":16},"end":{"line":31,"column":26}},"13":{"start":{"line":32,"column":2},"end":{"line":32,"column":38}},"14":{"start":{"line":36,"column":13},"end":{"line":36,"column":42}},"15":{"start":{"line":37,"column":21},"end":{"line":39,"column":31}},"16":{"start":{"line":41,"column":2},"end":{"line":43,"column":3}},"17":{"start":{"line":42,"column":3},"end":{"line":42,"column":22}},"18":{"start":{"line":47,"column":2},"end":{"line":47,"column":32}},"19":{"start":{"line":51,"column":0},"end":{"line":51,"column":24}}},"fnMap":{"0":{"name":"(anonymous_0)","decl":{"start":{"line":4,"column":1},"end":{"line":4,"column":2}},"loc":{"start":{"line":4,"column":31},"end":{"line":9,"column":5}},"line":4},"1":{"name":"(anonymous_1)","decl":{"start":{"line":11,"column":4},"end":{"line":11,"column":5}},"loc":{"start":{"line":11,"column":21},"end":{"line":13,"column":5}},"line":11},"2":{"name":"(anonymous_2)","decl":{"start":{"line":15,"column":1},"end":{"line":15,"column":2}},"loc":{"start":{"line":15,"column":6},"end":{"line":18,"column":2}},"line":15},"3":{"name":"(anonymous_3)","decl":{"start":{"line":20,"column":1},"end":{"line":20,"column":2}},"loc":{"start":{"line":20,"column":8},"end":{"line":23,"column":2}},"line":20},"4":{"name":"(anonymous_4)","decl":{"start":{"line":25,"column":1},"end":{"line":25,"column":2}},"loc":{"start":{"line":25,"column":8},"end":{"line":28,"column":2}},"line":25},"5":{"name":"(anonymous_5)","decl":{"start":{"line":30,"column":1},"end":{"line":30,"column":2}},"loc":{"start":{"line":30,"column":9},"end":{"line":33,"column":2}},"line":30},"6":{"name":"(anonymous_6)","decl":{"start":{"line":35,"column":1},"end":{"line":35,"column":2}},"loc":{"start":{"line":35,"column":23},"end":{"line":44,"column":2}},"line":35},"7":{"name":"(anonymous_7)","decl":{"start":{"line":46,"column":1},"end":{"line":46,"column":2}},"loc":{"start":{"line":46,"column":15},"end":{"line":48,"column":2}},"line":46}},"branchMap":{"0":{"loc":{"start":{"line":4,"column":13},"end":{"line":4,"column":29}},"type":"default-arg","locations":[{"start":{"line":4,"column":24},"end":{"line":4,"column":29}}],"line":4},"1":{"loc":{"start":{"line":17,"column":11},"end":{"line":17,"column":37}},"type":"cond-expr","locations":[{"start":{"line":17,"column":23},"end":{"line":17,"column":29}},{"start":{"line":17,"column":32},"end":{"line":17,"column":37}}],"line":17},"2":{"loc":{"start":{"line":22,"column":11},"end":{"line":22,"column":60}},"type":"cond-expr","locations":[{"start":{"line":22,"column":46},"end":{"line":22,"column":52}},{"start":{"line":22,"column":55},"end":{"line":22,"column":60}}],"line":22},"3":{"loc":{"start":{"line":27,"column":11},"end":{"line":27,"column":68}},"type":"cond-expr","locations":[{"start":{"line":27,"column":54},"end":{"line":27,"column":60}},{"start":{"line":27,"column":63},"end":{"line":27,"column":68}}],"line":27},"4":{"loc":{"start":{"line":32,"column":11},"end":{"line":32,"column":37}},"type":"cond-expr","locations":[{"start":{"line":32,"column":23},"end":{"line":32,"column":29}},{"start":{"line":32,"column":32},"end":{"line":32,"column":37}}],"line":32},"5":{"loc":{"start":{"line":35,"column":7},"end":{"line":35,"column":21}},"type":"default-arg","locations":[{"start":{"line":35,"column":17},"end":{"line":35,"column":21}}],"line":35},"6":{"loc":{"start":{"line":37,"column":21},"end":{"line":39,"column":31}},"type":"cond-expr","locations":[{"start":{"line":38,"column":3},"end":{"line":38,"column":26}},{"start":{"line":39,"column":3},"end":{"line":39,"column":31}}],"line":37},"7":{"loc":{"start":{"line":41,"column":2},"end":{"line":43,"column":3}},"type":"if","locations":[{"start":{"line":41,"column":2},"end":{"line":43,"column":3}},{"start":{"line":41,"column":2},"end":{"line":43,"column":3}}],"line":41}},"s":{"0":1,"1":0,"2":0,"3":0,"4":0,"5":0,"6":0,"7":0,"8":0,"9":0,"10":0,"11":0,"12":0,"13":0,"14":0,"15":0,"16":0,"17":0,"18":0,"19":1},"f":{"0":0,"1":0,"2":0,"3":0,"4":0,"5":0,"6":0,"7":0},"b":{"0":[0],"1":[0,0],"2":[0,0],"3":[0,0],"4":[0,0],"5":[0],"6":[0,0],"7":[0,0]},"_coverageSchema":"332fd63041d2c1bcb487cc26dd0d5f7d97098a6c","hash":"62fe8b07eb1d0de413bdbe97c6edff653dd5d344"}
,"/Users/joao.franco/Desktop/starTv/navigation/navigation.js": {"path":"/Users/joao.franco/Desktop/starTv/navigation/navigation.js","statementMap":{"0":{"start":{"line":1,"column":14},"end":{"line":1,"column":32}},"1":{"start":{"line":2,"column":15},"end":{"line":2,"column":34}},"2":{"start":{"line":6,"column":8},"end":{"line":10,"column":9}},"3":{"start":{"line":7,"column":12},"end":{"line":7,"column":96}},"4":{"start":{"line":9,"column":12},"end":{"line":9,"column":37}},"5":{"start":{"line":14,"column":2},"end":{"line":14,"column":27}},"6":{"start":{"line":15,"column":8},"end":{"line":15,"column":29}},"7":{"start":{"line":17,"column":8},"end":{"line":22,"column":9}},"8":{"start":{"line":18,"column":49},"end":{"line":18,"column":99}},"9":{"start":{"line":18,"column":100},"end":{"line":18,"column":106}},"10":{"start":{"line":19,"column":51},"end":{"line":19,"column":95}},"11":{"start":{"line":19,"column":96},"end":{"line":19,"column":102}},"12":{"start":{"line":20,"column":42},"end":{"line":20,"column":75}},"13":{"start":{"line":20,"column":76},"end":{"line":20,"column":82}},"14":{"start":{"line":21,"column":21},"end":{"line":21,"column":65}},"15":{"start":{"line":21,"column":66},"end":{"line":21,"column":72}},"16":{"start":{"line":26,"column":8},"end":{"line":26,"column":35}},"17":{"start":{"line":30,"column":8},"end":{"line":30,"column":26}},"18":{"start":{"line":34,"column":8},"end":{"line":34,"column":71}},"19":{"start":{"line":34,"column":56},"end":{"line":34,"column":69}},"20":{"start":{"line":38,"column":2},"end":{"line":59,"column":9}},"21":{"start":{"line":39,"column":3},"end":{"line":57,"column":4}},"22":{"start":{"line":41,"column":4},"end":{"line":41,"column":21}},"23":{"start":{"line":42,"column":4},"end":{"line":42,"column":10}},"24":{"start":{"line":44,"column":4},"end":{"line":44,"column":19}},"25":{"start":{"line":45,"column":4},"end":{"line":45,"column":10}},"26":{"start":{"line":47,"column":4},"end":{"line":47,"column":21}},"27":{"start":{"line":48,"column":4},"end":{"line":48,"column":10}},"28":{"start":{"line":50,"column":4},"end":{"line":50,"column":22}},"29":{"start":{"line":51,"column":4},"end":{"line":51,"column":10}},"30":{"start":{"line":54,"column":4},"end":{"line":54,"column":20}},"31":{"start":{"line":55,"column":4},"end":{"line":55,"column":10}},"32":{"start":{"line":56,"column":12},"end":{"line":56,"column":18}},"33":{"start":{"line":58,"column":3},"end":{"line":58,"column":16}},"34":{"start":{"line":63,"column":0},"end":{"line":63,"column":27}},"35":{"start":{"line":64,"column":0},"end":{"line":68,"column":1}},"36":{"start":{"line":70,"column":0},"end":{"line":70,"column":28}}},"fnMap":{"0":{"name":"(anonymous_0)","decl":{"start":{"line":5,"column":4},"end":{"line":5,"column":5}},"loc":{"start":{"line":5,"column":26},"end":{"line":11,"column":5}},"line":5},"1":{"name":"(anonymous_1)","decl":{"start":{"line":13,"column":4},"end":{"line":13,"column":5}},"loc":{"start":{"line":13,"column":66},"end":{"line":23,"column":5}},"line":13},"2":{"name":"(anonymous_2)","decl":{"start":{"line":25,"column":4},"end":{"line":25,"column":5}},"loc":{"start":{"line":25,"column":21},"end":{"line":27,"column":5}},"line":25},"3":{"name":"(anonymous_3)","decl":{"start":{"line":29,"column":4},"end":{"line":29,"column":5}},"loc":{"start":{"line":29,"column":12},"end":{"line":31,"column":5}},"line":29},"4":{"name":"(anonymous_4)","decl":{"start":{"line":33,"column":4},"end":{"line":33,"column":5}},"loc":{"start":{"line":33,"column":21},"end":{"line":35,"column":5}},"line":33},"5":{"name":"(anonymous_5)","decl":{"start":{"line":34,"column":49},"end":{"line":34,"column":50}},"loc":{"start":{"line":34,"column":56},"end":{"line":34,"column":69}},"line":34},"6":{"name":"(anonymous_6)","decl":{"start":{"line":37,"column":4},"end":{"line":37,"column":5}},"loc":{"start":{"line":37,"column":18},"end":{"line":60,"column":5}},"line":37}},"branchMap":{"0":{"loc":{"start":{"line":6,"column":8},"end":{"line":10,"column":9}},"type":"if","locations":[{"start":{"line":6,"column":8},"end":{"line":10,"column":9}},{"start":{"line":6,"column":8},"end":{"line":10,"column":9}}],"line":6},"1":{"loc":{"start":{"line":13,"column":32},"end":{"line":13,"column":48}},"type":"default-arg","locations":[{"start":{"line":13,"column":43},"end":{"line":13,"column":48}}],"line":13},"2":{"loc":{"start":{"line":13,"column":50},"end":{"line":13,"column":64}},"type":"default-arg","locations":[{"start":{"line":13,"column":63},"end":{"line":13,"column":64}}],"line":13},"3":{"loc":{"start":{"line":17,"column":8},"end":{"line":22,"column":9}},"type":"switch","locations":[{"start":{"line":18,"column":12},"end":{"line":18,"column":106}},{"start":{"line":19,"column":12},"end":{"line":19,"column":102}},{"start":{"line":20,"column":12},"end":{"line":20,"column":82}},{"start":{"line":21,"column":12},"end":{"line":21,"column":72}}],"line":17},"4":{"loc":{"start":{"line":38,"column":2},"end":{"line":59,"column":9}},"type":"if","locations":[{"start":{"line":38,"column":2},"end":{"line":59,"column":9}},{"start":{"line":38,"column":2},"end":{"line":59,"column":9}}],"line":38},"5":{"loc":{"start":{"line":38,"column":6},"end":{"line":38,"column":54}},"type":"binary-expr","locations":[{"start":{"line":38,"column":6},"end":{"line":38,"column":29}},{"start":{"line":38,"column":33},"end":{"line":38,"column":54}}],"line":38},"6":{"loc":{"start":{"line":39,"column":3},"end":{"line":57,"column":4}},"type":"switch","locations":[{"start":{"line":40,"column":3},"end":{"line":42,"column":10}},{"start":{"line":43,"column":3},"end":{"line":45,"column":10}},{"start":{"line":46,"column":3},"end":{"line":48,"column":10}},{"start":{"line":49,"column":3},"end":{"line":51,"column":10}},{"start":{"line":52,"column":3},"end":{"line":52,"column":29}},{"start":{"line":53,"column":3},"end":{"line":55,"column":10}},{"start":{"line":56,"column":3},"end":{"line":56,"column":18}}],"line":39}},"s":{"0":1,"1":1,"2":0,"3":0,"4":0,"5":0,"6":0,"7":0,"8":0,"9":0,"10":0,"11":0,"12":0,"13":0,"14":0,"15":0,"16":0,"17":0,"18":0,"19":0,"20":0,"21":0,"22":0,"23":0,"24":0,"25":0,"26":0,"27":0,"28":0,"29":0,"30":0,"31":0,"32":0,"33":0,"34":1,"35":1,"36":1},"f":{"0":0,"1":0,"2":0,"3":0,"4":0,"5":0,"6":0},"b":{"0":[0,0],"1":[0],"2":[0],"3":[0,0,0,0],"4":[0,0],"5":[0,0],"6":[0,0,0,0,0,0,0]},"_coverageSchema":"332fd63041d2c1bcb487cc26dd0d5f7d97098a6c","hash":"4a6f715f25069091a4935f17fcf6594de24085e1"}
,"/Users/joao.franco/Desktop/starTv/navigation/track.js": {"path":"/Users/joao.franco/Desktop/starTv/navigation/track.js","statementMap":{"0":{"start":{"line":1,"column":14},"end":{"line":1,"column":32}},"1":{"start":{"line":2,"column":19},"end":{"line":2,"column":42}},"2":{"start":{"line":6,"column":8},"end":{"line":6,"column":93}},"3":{"start":{"line":7,"column":2},"end":{"line":7,"column":27}},"4":{"start":{"line":8,"column":2},"end":{"line":8,"column":27}},"5":{"start":{"line":12,"column":8},"end":{"line":12,"column":53}},"6":{"start":{"line":13,"column":2},"end":{"line":13,"column":39}},"7":{"start":{"line":14,"column":2},"end":{"line":14,"column":21}},"8":{"start":{"line":15,"column":2},"end":{"line":20,"column":5}},"9":{"start":{"line":16,"column":3},"end":{"line":16,"column":64}},"10":{"start":{"line":17,"column":3},"end":{"line":19,"column":4}},"11":{"start":{"line":18,"column":4},"end":{"line":18,"column":60}},"12":{"start":{"line":24,"column":2},"end":{"line":30,"column":3}},"13":{"start":{"line":25,"column":17},"end":{"line":25,"column":45}},"14":{"start":{"line":26,"column":3},"end":{"line":26,"column":20}},"15":{"start":{"line":28,"column":3},"end":{"line":28,"column":19}},"16":{"start":{"line":29,"column":3},"end":{"line":29,"column":17}},"17":{"start":{"line":34,"column":2},"end":{"line":40,"column":3}},"18":{"start":{"line":35,"column":17},"end":{"line":35,"column":45}},"19":{"start":{"line":36,"column":3},"end":{"line":36,"column":16}},"20":{"start":{"line":38,"column":3},"end":{"line":38,"column":15}},"21":{"start":{"line":39,"column":3},"end":{"line":39,"column":17}},"22":{"start":{"line":44,"column":2},"end":{"line":50,"column":3}},"23":{"start":{"line":45,"column":3},"end":{"line":45,"column":19}},"24":{"start":{"line":46,"column":3},"end":{"line":46,"column":17}},"25":{"start":{"line":48,"column":17},"end":{"line":48,"column":45}},"26":{"start":{"line":49,"column":3},"end":{"line":49,"column":20}},"27":{"start":{"line":54,"column":2},"end":{"line":60,"column":3}},"28":{"start":{"line":55,"column":3},"end":{"line":55,"column":15}},"29":{"start":{"line":56,"column":3},"end":{"line":56,"column":17}},"30":{"start":{"line":58,"column":17},"end":{"line":58,"column":45}},"31":{"start":{"line":59,"column":3},"end":{"line":59,"column":16}},"32":{"start":{"line":64,"column":20},"end":{"line":64,"column":39}},"33":{"start":{"line":65,"column":2},"end":{"line":65,"column":85}},"34":{"start":{"line":69,"column":20},"end":{"line":69,"column":39}},"35":{"start":{"line":70,"column":2},"end":{"line":70,"column":64}},"36":{"start":{"line":74,"column":16},"end":{"line":74,"column":44}},"37":{"start":{"line":75,"column":21},"end":{"line":77,"column":31}},"38":{"start":{"line":79,"column":2},"end":{"line":81,"column":3}},"39":{"start":{"line":80,"column":3},"end":{"line":80,"column":22}},"40":{"start":{"line":85,"column":2},"end":{"line":85,"column":30}},"41":{"start":{"line":89,"column":2},"end":{"line":100,"column":3}},"42":{"start":{"line":90,"column":17},"end":{"line":90,"column":45}},"43":{"start":{"line":91,"column":19},"end":{"line":91,"column":46}},"44":{"start":{"line":92,"column":22},"end":{"line":92,"column":50}},"45":{"start":{"line":93,"column":3},"end":{"line":99,"column":4}},"46":{"start":{"line":94,"column":4},"end":{"line":96,"column":5}},"47":{"start":{"line":95,"column":5},"end":{"line":95,"column":72}},"48":{"start":{"line":97,"column":19},"end":{"line":97,"column":21}},"49":{"start":{"line":98,"column":4},"end":{"line":98,"column":73}},"50":{"start":{"line":104,"column":0},"end":{"line":104,"column":23}}},"fnMap":{"0":{"name":"(anonymous_0)","decl":{"start":{"line":5,"column":1},"end":{"line":5,"column":2}},"loc":{"start":{"line":5,"column":61},"end":{"line":9,"column":5}},"line":5},"1":{"name":"(anonymous_1)","decl":{"start":{"line":11,"column":4},"end":{"line":11,"column":5}},"loc":{"start":{"line":11,"column":21},"end":{"line":21,"column":5}},"line":11},"2":{"name":"(anonymous_2)","decl":{"start":{"line":15,"column":19},"end":{"line":15,"column":20}},"loc":{"start":{"line":15,"column":45},"end":{"line":20,"column":3}},"line":15},"3":{"name":"(anonymous_3)","decl":{"start":{"line":23,"column":1},"end":{"line":23,"column":2}},"loc":{"start":{"line":23,"column":6},"end":{"line":31,"column":2}},"line":23},"4":{"name":"(anonymous_4)","decl":{"start":{"line":33,"column":1},"end":{"line":33,"column":2}},"loc":{"start":{"line":33,"column":8},"end":{"line":41,"column":2}},"line":33},"5":{"name":"(anonymous_5)","decl":{"start":{"line":43,"column":1},"end":{"line":43,"column":2}},"loc":{"start":{"line":43,"column":8},"end":{"line":51,"column":2}},"line":43},"6":{"name":"(anonymous_6)","decl":{"start":{"line":53,"column":1},"end":{"line":53,"column":2}},"loc":{"start":{"line":53,"column":9},"end":{"line":61,"column":2}},"line":53},"7":{"name":"(anonymous_7)","decl":{"start":{"line":63,"column":1},"end":{"line":63,"column":2}},"loc":{"start":{"line":63,"column":8},"end":{"line":66,"column":2}},"line":63},"8":{"name":"(anonymous_8)","decl":{"start":{"line":68,"column":1},"end":{"line":68,"column":2}},"loc":{"start":{"line":68,"column":12},"end":{"line":71,"column":2}},"line":68},"9":{"name":"(anonymous_9)","decl":{"start":{"line":73,"column":1},"end":{"line":73,"column":2}},"loc":{"start":{"line":73,"column":23},"end":{"line":82,"column":2}},"line":73},"10":{"name":"(anonymous_10)","decl":{"start":{"line":84,"column":1},"end":{"line":84,"column":2}},"loc":{"start":{"line":84,"column":15},"end":{"line":86,"column":2}},"line":84},"11":{"name":"(anonymous_11)","decl":{"start":{"line":88,"column":1},"end":{"line":88,"column":2}},"loc":{"start":{"line":88,"column":10},"end":{"line":101,"column":2}},"line":88}},"branchMap":{"0":{"loc":{"start":{"line":5,"column":25},"end":{"line":5,"column":41}},"type":"default-arg","locations":[{"start":{"line":5,"column":36},"end":{"line":5,"column":41}}],"line":5},"1":{"loc":{"start":{"line":5,"column":43},"end":{"line":5,"column":59}},"type":"default-arg","locations":[{"start":{"line":5,"column":54},"end":{"line":5,"column":59}}],"line":5},"2":{"loc":{"start":{"line":6,"column":26},"end":{"line":6,"column":92}},"type":"cond-expr","locations":[{"start":{"line":6,"column":45},"end":{"line":6,"column":79}},{"start":{"line":6,"column":82},"end":{"line":6,"column":92}}],"line":6},"3":{"loc":{"start":{"line":17,"column":3},"end":{"line":19,"column":4}},"type":"if","locations":[{"start":{"line":17,"column":3},"end":{"line":19,"column":4}},{"start":{"line":17,"column":3},"end":{"line":19,"column":4}}],"line":17},"4":{"loc":{"start":{"line":24,"column":2},"end":{"line":30,"column":3}},"type":"if","locations":[{"start":{"line":24,"column":2},"end":{"line":30,"column":3}},{"start":{"line":24,"column":2},"end":{"line":30,"column":3}}],"line":24},"5":{"loc":{"start":{"line":34,"column":2},"end":{"line":40,"column":3}},"type":"if","locations":[{"start":{"line":34,"column":2},"end":{"line":40,"column":3}},{"start":{"line":34,"column":2},"end":{"line":40,"column":3}}],"line":34},"6":{"loc":{"start":{"line":44,"column":2},"end":{"line":50,"column":3}},"type":"if","locations":[{"start":{"line":44,"column":2},"end":{"line":50,"column":3}},{"start":{"line":44,"column":2},"end":{"line":50,"column":3}}],"line":44},"7":{"loc":{"start":{"line":54,"column":2},"end":{"line":60,"column":3}},"type":"if","locations":[{"start":{"line":54,"column":2},"end":{"line":60,"column":3}},{"start":{"line":54,"column":2},"end":{"line":60,"column":3}}],"line":54},"8":{"loc":{"start":{"line":65,"column":20},"end":{"line":65,"column":84}},"type":"cond-expr","locations":[{"start":{"line":65,"column":57},"end":{"line":65,"column":72}},{"start":{"line":65,"column":75},"end":{"line":65,"column":84}}],"line":65},"9":{"loc":{"start":{"line":70,"column":20},"end":{"line":70,"column":63}},"type":"cond-expr","locations":[{"start":{"line":70,"column":36},"end":{"line":70,"column":51}},{"start":{"line":70,"column":54},"end":{"line":70,"column":63}}],"line":70},"10":{"loc":{"start":{"line":73,"column":7},"end":{"line":73,"column":21}},"type":"default-arg","locations":[{"start":{"line":73,"column":17},"end":{"line":73,"column":21}}],"line":73},"11":{"loc":{"start":{"line":75,"column":21},"end":{"line":77,"column":31}},"type":"cond-expr","locations":[{"start":{"line":76,"column":3},"end":{"line":76,"column":51}},{"start":{"line":77,"column":3},"end":{"line":77,"column":31}}],"line":75},"12":{"loc":{"start":{"line":79,"column":2},"end":{"line":81,"column":3}},"type":"if","locations":[{"start":{"line":79,"column":2},"end":{"line":81,"column":3}},{"start":{"line":79,"column":2},"end":{"line":81,"column":3}}],"line":79},"13":{"loc":{"start":{"line":89,"column":2},"end":{"line":100,"column":3}},"type":"if","locations":[{"start":{"line":89,"column":2},"end":{"line":100,"column":3}},{"start":{"line":89,"column":2},"end":{"line":100,"column":3}}],"line":89},"14":{"loc":{"start":{"line":93,"column":3},"end":{"line":99,"column":4}},"type":"if","locations":[{"start":{"line":93,"column":3},"end":{"line":99,"column":4}},{"start":{"line":93,"column":3},"end":{"line":99,"column":4}}],"line":93},"15":{"loc":{"start":{"line":93,"column":7},"end":{"line":93,"column":40}},"type":"binary-expr","locations":[{"start":{"line":93,"column":7},"end":{"line":93,"column":17}},{"start":{"line":93,"column":21},"end":{"line":93,"column":40}}],"line":93},"16":{"loc":{"start":{"line":94,"column":4},"end":{"line":96,"column":5}},"type":"if","locations":[{"start":{"line":94,"column":4},"end":{"line":96,"column":5}},{"start":{"line":94,"column":4},"end":{"line":96,"column":5}}],"line":94}},"s":{"0":1,"1":1,"2":0,"3":0,"4":0,"5":0,"6":0,"7":0,"8":0,"9":0,"10":0,"11":0,"12":0,"13":0,"14":0,"15":0,"16":0,"17":0,"18":0,"19":0,"20":0,"21":0,"22":0,"23":0,"24":0,"25":0,"26":0,"27":0,"28":0,"29":0,"30":0,"31":0,"32":0,"33":0,"34":0,"35":0,"36":0,"37":0,"38":0,"39":0,"40":0,"41":0,"42":0,"43":0,"44":0,"45":0,"46":0,"47":0,"48":0,"49":0,"50":1},"f":{"0":0,"1":0,"2":0,"3":0,"4":0,"5":0,"6":0,"7":0,"8":0,"9":0,"10":0,"11":0},"b":{"0":[0],"1":[0],"2":[0,0],"3":[0,0],"4":[0,0],"5":[0,0],"6":[0,0],"7":[0,0],"8":[0,0],"9":[0,0],"10":[0],"11":[0,0],"12":[0,0],"13":[0,0],"14":[0,0],"15":[0,0],"16":[0,0]},"_coverageSchema":"332fd63041d2c1bcb487cc26dd0d5f7d97098a6c","hash":"8cbb1573217426714a173fa6b57dddcd16a30836"}
}
